# JRE version: Java(TM) SE Runtime Environment (8.0_45-b14) (build 1.8.0_45-b14)
# Java VM: Java HotSpot(TM) 64-Bit Server VM (25.45-b02 mixed mode linux-amd64 compressed oops)
Heap:
 par new generation   total 39296K, used 17333K [0x00000000e0000000, 0x00000000e2aa0000, 0x00000000eaaa0000)
  eden space 34944K,  42% used [0x00000000e0000000, 0x00000000e0ea9c40, 0x00000000e2220000)
  from space 4352K,  53% used [0x00000000e2220000, 0x00000000e24637f0, 0x00000000e2660000)
  to   space 4352K,   0% used [0x00000000e2660000, 0x00000000e2660000, 0x00000000e2aa0000)
 concurrent mark-sweep generation total 152436K, used 131018K [0x00000000eaaa0000, 0x00000000f3f7d000, 0x0000000100000000)
 Metaspace       used 128990K, capacity 132168K, committed 132352K, reserved 1163264K
  class space    used 17924K, capacity 18897K, committed 18948K, reserved 1048576K
GC Heap History (10 events):
Event: 1156.362 GC heap before
{Heap before GC invocations=205 (full 9):
 par new generation   total 39296K, used 37692K [0x00000000e0000000, 0x00000000e2aa0000, 0x00000000eaaa0000)
  eden space 34944K, 100% used [0x00000000e0000000, 0x00000000e2220000, 0x00000000e2220000)
  from space 4352K,  63% used [0x00000000e2660000, 0x00000000e290f2d0, 0x00000000e2aa0000)
  to   space 4352K,   0% used [0x00000000e2220000, 0x00000000e2220000, 0x00000000e2660000)
 concurrent mark-sweep generation total 152436K, used 130346K [0x00000000eaaa0000, 0x00000000f3f7d000, 0x0000000100000000)
 Metaspace       used 128770K, capacity 131976K, committed 132096K, reserved 1163264K
  class space    used 17923K, capacity 18897K, committed 18948K, reserved 1048576K
Event: 1156.370 GC heap after
Heap after GC invocations=206 (full 9):
 par new generation   total 39296K, used 2791K [0x00000000e0000000, 0x00000000e2aa0000, 0x00000000eaaa0000)
  eden space 34944K,   0% used [0x00000000e0000000, 0x00000000e0000000, 0x00000000e2220000)
  from space 4352K,  64% used [0x00000000e2220000, 0x00000000e24d9d50, 0x00000000e2660000)
  to   space 4352K,   0% used [0x00000000e2660000, 0x00000000e2660000, 0x00000000e2aa0000)
 concurrent mark-sweep generation total 152436K, used 130690K [0x00000000eaaa0000, 0x00000000f3f7d000, 0x0000000100000000)
 Metaspace       used 128770K, capacity 131976K, committed 132096K, reserved 1163264K
  class space    used 17923K, capacity 18897K, committed 18948K, reserved 1048576K
}
Event: 1160.268 GC heap before
{Heap before GC invocations=206 (full 9):
 par new generation   total 39296K, used 37735K [0x00000000e0000000, 0x00000000e2aa0000, 0x00000000eaaa0000)
  eden space 34944K, 100% used [0x00000000e0000000, 0x00000000e2220000, 0x00000000e2220000)
  from space 4352K,  64% used [0x00000000e2220000, 0x00000000e24d9d50, 0x00000000e2660000)
  to   space 4352K,   0% used [0x00000000e2660000, 0x00000000e2660000, 0x00000000e2aa0000)
 concurrent mark-sweep generation total 152436K, used 130690K [0x00000000eaaa0000, 0x00000000f3f7d000, 0x0000000100000000)
 Metaspace       used 128816K, capacity 131976K, committed 132096K, reserved 1163264K
  class space    used 17923K, capacity 18897K, committed 18948K, reserved 1048576K
Event: 1160.286 GC heap after
Heap after GC invocations=207 (full 9):
 par new generation   total 39296K, used 2451K [0x00000000e0000000, 0x00000000e2aa0000, 0x00000000eaaa0000)
  eden space 34944K,   0% used [0x00000000e0000000, 0x00000000e0000000, 0x00000000e2220000)
  from space 4352K,  56% used [0x00000000e2660000, 0x00000000e28c4fd0, 0x00000000e2aa0000)
  to   space 4352K,   0% used [0x00000000e2220000, 0x00000000e2220000, 0x00000000e2660000)
 concurrent mark-sweep generation total 152436K, used 130755K [0x00000000eaaa0000, 0x00000000f3f7d000, 0x0000000100000000)
 Metaspace       used 128816K, capacity 131976K, committed 132096K, reserved 1163264K
  class space    used 17923K, capacity 18897K, committed 18948K, reserved 1048576K
}
Event: 1161.242 GC heap before
{Heap before GC invocations=207 (full 9):
 par new generation   total 39296K, used 37395K [0x00000000e0000000, 0x00000000e2aa0000, 0x00000000eaaa0000)
  eden space 34944K, 100% used [0x00000000e0000000, 0x00000000e2220000, 0x00000000e2220000)
  from space 4352K,  56% used [0x00000000e2660000, 0x00000000e28c4fd0, 0x00000000e2aa0000)
  to   space 4352K,   0% used [0x00000000e2220000, 0x00000000e2220000, 0x00000000e2660000)
 concurrent mark-sweep generation total 152436K, used 130755K [0x00000000eaaa0000, 0x00000000f3f7d000, 0x0000000100000000)
 Metaspace       used 128844K, capacity 131976K, committed 132096K, reserved 1163264K
  class space    used 17923K, capacity 18897K, committed 18948K, reserved 1048576K
Event: 1161.247 GC heap after
Heap after GC invocations=208 (full 9):
 par new generation   total 39296K, used 2358K [0x00000000e0000000, 0x00000000e2aa0000, 0x00000000eaaa0000)
  eden space 34944K,   0% used [0x00000000e0000000, 0x00000000e0000000, 0x00000000e2220000)
  from space 4352K,  54% used [0x00000000e2220000, 0x00000000e246db70, 0x00000000e2660000)
  to   space 4352K,   0% used [0x00000000e2660000, 0x00000000e2660000, 0x00000000e2aa0000)
 concurrent mark-sweep generation total 152436K, used 130927K [0x00000000eaaa0000, 0x00000000f3f7d000, 0x0000000100000000)
 Metaspace       used 128844K, capacity 131976K, committed 132096K, reserved 1163264K
  class space    used 17923K, capacity 18897K, committed 18948K, reserved 1048576K
}
Event: 1177.273 GC heap before
{Heap before GC invocations=208 (full 9):
 par new generation   total 39296K, used 37302K [0x00000000e0000000, 0x00000000e2aa0000, 0x00000000eaaa0000)
  eden space 34944K,  99% used [0x00000000e0000000, 0x00000000e221fe18, 0x00000000e2220000)
  from space 4352K,  54% used [0x00000000e2220000, 0x00000000e246db70, 0x00000000e2660000)
  to   space 4352K,   0% used [0x00000000e2660000, 0x00000000e2660000, 0x00000000e2aa0000)
 concurrent mark-sweep generation total 152436K, used 130927K [0x00000000eaaa0000, 0x00000000f3f7d000, 0x0000000100000000)
 Metaspace       used 128914K, capacity 132040K, committed 132096K, reserved 1163264K
  class space    used 17923K, capacity 18897K, committed 18948K, reserved 1048576K
Event: 1177.299 GC heap after
Heap after GC invocations=209 (full 9):
 par new generation   total 39296K, used 2320K [0x00000000e0000000, 0x00000000e2aa0000, 0x00000000eaaa0000)
  eden space 34944K,   0% used [0x00000000e0000000, 0x00000000e0000000, 0x00000000e2220000)
  from space 4352K,  53% used [0x00000000e2660000, 0x00000000e28a4108, 0x00000000e2aa0000)
  to   space 4352K,   0% used [0x00000000e2220000, 0x00000000e2220000, 0x00000000e2660000)
 concurrent mark-sweep generation total 152436K, used 130947K [0x00000000eaaa0000, 0x00000000f3f7d000, 0x0000000100000000)
 Metaspace       used 128914K, capacity 132040K, committed 132096K, reserved 1163264K
  class space    used 17923K, capacity 18897K, committed 18948K, reserved 1048576K
}
Event: 1629.582 GC heap before
{Heap before GC invocations=209 (full 9):
 par new generation   total 39296K, used 37258K [0x00000000e0000000, 0x00000000e2aa0000, 0x00000000eaaa0000)
  eden space 34944K,  99% used [0x00000000e0000000, 0x00000000e221e900, 0x00000000e2220000)
  from space 4352K,  53% used [0x00000000e2660000, 0x00000000e28a4108, 0x00000000e2aa0000)
  to   space 4352K,   0% used [0x00000000e2220000, 0x00000000e2220000, 0x00000000e2660000)
 concurrent mark-sweep generation total 152436K, used 130947K [0x00000000eaaa0000, 0x00000000f3f7d000, 0x0000000100000000)
 Metaspace       used 128970K, capacity 132168K, committed 132352K, reserved 1163264K
  class space    used 17923K, capacity 18897K, committed 18948K, reserved 1048576K
Event: 1629.591 GC heap after
Heap after GC invocations=210 (full 9):
 par new generation   total 39296K, used 2317K [0x00000000e0000000, 0x00000000e2aa0000, 0x00000000eaaa0000)
  eden space 34944K,   0% used [0x00000000e0000000, 0x00000000e0000000, 0x00000000e2220000)
  from space 4352K,  53% used [0x00000000e2220000, 0x00000000e24637f0, 0x00000000e2660000)
  to   space 4352K,   0% used [0x00000000e2660000, 0x00000000e2660000, 0x00000000e2aa0000)
 concurrent mark-sweep generation total 152436K, used 131018K [0x00000000eaaa0000, 0x00000000f3f7d000, 0x0000000100000000)
 Metaspace       used 128970K, capacity 132168K, committed 132352K, reserved 1163264K
  class space    used 17923K, capacity 18897K, committed 18948K, reserved 1048576K
}

